kotlin version: 2.1.0
error message: org.jetbrains.kotlin.backend.common.BackendException: Backend Internal error: Exception during IR lowering
File being compiled: C:/Users/kishan/AndroidStudioProjects/SwarnaKhataBook/app/src/main/java/com/jewelrypos/swarnakhatabook/InvoiceSummeryFragmnet.kt
The root cause java.lang.RuntimeException was thrown at: org.jetbrains.kotlin.backend.jvm.codegen.FunctionCodegen.generate(FunctionCodegen.kt:48)
	at org.jetbrains.kotlin.backend.common.CodegenUtil.reportBackendException(CodegenUtil.kt:253)
	at org.jetbrains.kotlin.backend.common.CodegenUtil.reportBackendException$default(CodegenUtil.kt:236)
	at org.jetbrains.kotlin.backend.common.phaser.PerformByIrFilePhase.invokeSequential(performByIrFile.kt:55)
	at org.jetbrains.kotlin.backend.common.phaser.PerformByIrFilePhase.invoke(performByIrFile.kt:42)
	at org.jetbrains.kotlin.backend.common.phaser.PerformByIrFilePhase.invoke(performByIrFile.kt:28)
	at org.jetbrains.kotlin.backend.common.phaser.NamedCompilerPhase.phaseBody(CompilerPhase.kt:166)
	at org.jetbrains.kotlin.backend.common.phaser.AbstractNamedCompilerPhase.invoke(CompilerPhase.kt:113)
	at org.jetbrains.kotlin.backend.common.phaser.CompositePhase.invoke(PhaseBuilders.kt:27)
	at org.jetbrains.kotlin.backend.common.phaser.CompositePhase.invoke(PhaseBuilders.kt:14)
	at org.jetbrains.kotlin.backend.common.phaser.NamedCompilerPhase.phaseBody(CompilerPhase.kt:166)
	at org.jetbrains.kotlin.backend.common.phaser.AbstractNamedCompilerPhase.invoke(CompilerPhase.kt:113)
	at org.jetbrains.kotlin.backend.common.phaser.CompilerPhaseKt.invokeToplevel(CompilerPhase.kt:62)
	at org.jetbrains.kotlin.backend.jvm.JvmIrCodegenFactory.invokeCodegen(JvmIrCodegenFactory.kt:371)
	at org.jetbrains.kotlin.codegen.CodegenFactory.generateModule(CodegenFactory.kt:47)
	at org.jetbrains.kotlin.backend.jvm.JvmIrCodegenFactory.generateModuleInFrontendIRMode(JvmIrCodegenFactory.kt:433)
	at org.jetbrains.kotlin.cli.jvm.compiler.pipeline.JvmCompilerPipelineKt.generateCodeFromIr(jvmCompilerPipeline.kt:192)
	at org.jetbrains.kotlin.cli.jvm.compiler.pipeline.JvmCompilerPipelineKt.runBackend(jvmCompilerPipeline.kt:80)
	at org.jetbrains.kotlin.cli.jvm.compiler.pipeline.JvmCompilerPipelineLightTreeKt.compileModule(jvmCompilerPipelineLightTree.kt:264)
	at org.jetbrains.kotlin.cli.jvm.compiler.pipeline.JvmCompilerPipelineLightTreeKt.compileSingleModuleUsingFrontendIrAndLightTree(jvmCompilerPipelineLightTree.kt:231)
	at org.jetbrains.kotlin.cli.jvm.compiler.pipeline.JvmCompilerPipelineLightTreeKt.compileModulesUsingFrontendIrAndLightTree(jvmCompilerPipelineLightTree.kt:86)
	at org.jetbrains.kotlin.cli.jvm.K2JVMCompiler.doExecute(K2JVMCompiler.kt:146)
	at org.jetbrains.kotlin.cli.jvm.K2JVMCompiler.doExecute(K2JVMCompiler.kt:43)
	at org.jetbrains.kotlin.cli.common.CLICompiler.execImpl(CLICompiler.kt:102)
	at org.jetbrains.kotlin.cli.common.CLICompiler.exec(CLICompiler.kt:316)
	at org.jetbrains.kotlin.incremental.IncrementalJvmCompilerRunner.runCompiler(IncrementalJvmCompilerRunner.kt:464)
	at org.jetbrains.kotlin.incremental.IncrementalJvmCompilerRunner.runCompiler(IncrementalJvmCompilerRunner.kt:73)
	at org.jetbrains.kotlin.incremental.IncrementalCompilerRunner.doCompile(IncrementalCompilerRunner.kt:506)
	at org.jetbrains.kotlin.incremental.IncrementalCompilerRunner.compileImpl(IncrementalCompilerRunner.kt:423)
	at org.jetbrains.kotlin.incremental.IncrementalCompilerRunner.tryCompileIncrementally$lambda$9$compile(IncrementalCompilerRunner.kt:249)
	at org.jetbrains.kotlin.incremental.IncrementalCompilerRunner.tryCompileIncrementally(IncrementalCompilerRunner.kt:267)
	at org.jetbrains.kotlin.incremental.IncrementalCompilerRunner.compile(IncrementalCompilerRunner.kt:120)
	at org.jetbrains.kotlin.daemon.CompileServiceImplBase.execIncrementalCompiler(CompileServiceImpl.kt:674)
	at org.jetbrains.kotlin.daemon.CompileServiceImplBase.access$execIncrementalCompiler(CompileServiceImpl.kt:91)
	at org.jetbrains.kotlin.daemon.CompileServiceImpl.compile(CompileServiceImpl.kt:1659)
	at java.base/jdk.internal.reflect.NativeMethodAccessorImpl.invoke0(Native Method)
	at java.base/jdk.internal.reflect.NativeMethodAccessorImpl.invoke(NativeMethodAccessorImpl.java:77)
	at java.base/jdk.internal.reflect.DelegatingMethodAccessorImpl.invoke(DelegatingMethodAccessorImpl.java:43)
	at java.base/java.lang.reflect.Method.invoke(Method.java:569)
	at java.rmi/sun.rmi.server.UnicastServerRef.dispatch(UnicastServerRef.java:360)
	at java.rmi/sun.rmi.transport.Transport$1.run(Transport.java:200)
	at java.rmi/sun.rmi.transport.Transport$1.run(Transport.java:197)
	at java.base/java.security.AccessController.doPrivileged(AccessController.java:712)
	at java.rmi/sun.rmi.transport.Transport.serviceCall(Transport.java:196)
	at java.rmi/sun.rmi.transport.tcp.TCPTransport.handleMessages(TCPTransport.java:587)
	at java.rmi/sun.rmi.transport.tcp.TCPTransport$ConnectionHandler.run0(TCPTransport.java:828)
	at java.rmi/sun.rmi.transport.tcp.TCPTransport$ConnectionHandler.lambda$run$0(TCPTransport.java:705)
	at java.base/java.security.AccessController.doPrivileged(AccessController.java:399)
	at java.rmi/sun.rmi.transport.tcp.TCPTransport$ConnectionHandler.run(TCPTransport.java:704)
	at java.base/java.util.concurrent.ThreadPoolExecutor.runWorker(ThreadPoolExecutor.java:1136)
	at java.base/java.util.concurrent.ThreadPoolExecutor$Worker.run(ThreadPoolExecutor.java:635)
	at java.base/java.lang.Thread.run(Thread.java:840)
Caused by: java.lang.RuntimeException: Exception while generating code for:
FUN name:updatePaymentsDisplay visibility:private modality:FINAL <> ($this:com.jewelrypos.swarnakhatabook.InvoiceSummeryFragmnet, invoice:com.jewelrypos.swarnakhatabook.DataClasses.Invoice) returnType:kotlin.Unit
  $this: VALUE_PARAMETER name:<this> type:com.jewelrypos.swarnakhatabook.InvoiceSummeryFragmnet
  VALUE_PARAMETER name:invoice index:0 type:com.jewelrypos.swarnakhatabook.DataClasses.Invoice
  BLOCK_BODY
    CALL 'public open fun removeAllViews (): kotlin.Unit [fake_override] declared in android.widget.LinearLayout' type=kotlin.Unit origin=null
      $this: GET_FIELD 'FIELD IR_EXTERNAL_JAVA_DECLARATION_STUB name:paymentsSummaryContainer type:@[EnhancedNullability] android.widget.LinearLayout visibility:public [final] declared in com.jewelrypos.swarnakhatabook.databinding.FragmentInvoiceSummeryFragmnetBinding' type=@[EnhancedNullability] android.widget.LinearLayout superQualifierSymbol=com.jewelrypos.swarnakhatabook.databinding.FragmentInvoiceSummeryFragmnetBinding origin=null
        receiver: CALL 'private final fun <get-binding> (): com.jewelrypos.swarnakhatabook.databinding.FragmentInvoiceSummeryFragmnetBinding declared in com.jewelrypos.swarnakhatabook.InvoiceSummeryFragmnet' type=com.jewelrypos.swarnakhatabook.databinding.FragmentInvoiceSummeryFragmnetBinding origin=GET_PROPERTY
          $this: GET_VAR '<this>: com.jewelrypos.swarnakhatabook.InvoiceSummeryFragmnet declared in com.jewelrypos.swarnakhatabook.InvoiceSummeryFragmnet.updatePaymentsDisplay' type=com.jewelrypos.swarnakhatabook.InvoiceSummeryFragmnet origin=null
    WHEN type=kotlin.Unit origin=IF
      BRANCH
        if: CALL 'public abstract fun isEmpty (): kotlin.Boolean declared in kotlin.collections.List' type=kotlin.Boolean origin=null
          $this: CALL 'public final fun <get-payments> (): kotlin.collections.List<com.jewelrypos.swarnakhatabook.DataClasses.Payment> declared in com.jewelrypos.swarnakhatabook.DataClasses.Invoice' type=kotlin.collections.List<com.jewelrypos.swarnakhatabook.DataClasses.Payment> origin=GET_PROPERTY
            $this: GET_VAR 'invoice: com.jewelrypos.swarnakhatabook.DataClasses.Invoice declared in com.jewelrypos.swarnakhatabook.InvoiceSummeryFragmnet.updatePaymentsDisplay' type=com.jewelrypos.swarnakhatabook.DataClasses.Invoice origin=null
        then: BLOCK type=kotlin.Unit origin=null
          CALL 'public open fun setVisibility (p0: kotlin.Int): kotlin.Unit [fake_override] declared in android.widget.TextView' type=kotlin.Unit origin=EQ
            $this: GET_FIELD 'FIELD IR_EXTERNAL_JAVA_DECLARATION_STUB name:noPaymentsText type:@[EnhancedNullability] android.widget.TextView visibility:public [final] declared in com.jewelrypos.swarnakhatabook.databinding.FragmentInvoiceSummeryFragmnetBinding' type=@[EnhancedNullability] android.widget.TextView superQualifierSymbol=com.jewelrypos.swarnakhatabook.databinding.FragmentInvoiceSummeryFragmnetBinding origin=null
              receiver: CALL 'private final fun <get-binding> (): com.jewelrypos.swarnakhatabook.databinding.FragmentInvoiceSummeryFragmnetBinding declared in com.jewelrypos.swarnakhatabook.InvoiceSummeryFragmnet' type=com.jewelrypos.swarnakhatabook.databinding.FragmentInvoiceSummeryFragmnetBinding origin=GET_PROPERTY
                $this: GET_VAR '<this>: com.jewelrypos.swarnakhatabook.InvoiceSummeryFragmnet declared in com.jewelrypos.swarnakhatabook.InvoiceSummeryFragmnet.updatePaymentsDisplay' type=com.jewelrypos.swarnakhatabook.InvoiceSummeryFragmnet origin=null
            p0: CONST Int type=kotlin.Int value=0
          CALL 'public open fun setVisibility (p0: kotlin.Int): kotlin.Unit [fake_override] declared in android.widget.LinearLayout' type=kotlin.Unit origin=EQ
            $this: GET_FIELD 'FIELD IR_EXTERNAL_JAVA_DECLARATION_STUB name:paymentsSummaryContainer type:@[EnhancedNullability] android.widget.LinearLayout visibility:public [final] declared in com.jewelrypos.swarnakhatabook.databinding.FragmentInvoiceSummeryFragmnetBinding' type=@[EnhancedNullability] android.widget.LinearLayout superQualifierSymbol=com.jewelrypos.swarnakhatabook.databinding.FragmentInvoiceSummeryFragmnetBinding origin=null
              receiver: CALL 'private final fun <get-binding> (): com.jewelrypos.swarnakhatabook.databinding.FragmentInvoiceSummeryFragmnetBinding declared in com.jewelrypos.swarnakhatabook.InvoiceSummeryFragmnet' type=com.jewelrypos.swarnakhatabook.databinding.FragmentInvoiceSummeryFragmnetBinding origin=GET_PROPERTY
                $this: GET_VAR '<this>: com.jewelrypos.swarnakhatabook.InvoiceSummeryFragmnet declared in com.jewelrypos.swarnakhatabook.InvoiceSummeryFragmnet.updatePaymentsDisplay' type=com.jewelrypos.swarnakhatabook.InvoiceSummeryFragmnet origin=null
            p0: CONST Int type=kotlin.Int value=8
      BRANCH
        if: CONST Boolean type=kotlin.Boolean value=true
        then: BLOCK type=kotlin.Unit origin=null
          CALL 'public open fun setVisibility (p0: kotlin.Int): kotlin.Unit [fake_override] declared in android.widget.TextView' type=kotlin.Unit origin=EQ
            $this: GET_FIELD 'FIELD IR_EXTERNAL_JAVA_DECLARATION_STUB name:noPaymentsText type:@[EnhancedNullability] android.widget.TextView visibility:public [final] declared in com.jewelrypos.swarnakhatabook.databinding.FragmentInvoiceSummeryFragmnetBinding' type=@[EnhancedNullability] android.widget.TextView superQualifierSymbol=com.jewelrypos.swarnakhatabook.databinding.FragmentInvoiceSummeryFragmnetBinding origin=null
              receiver: CALL 'private final fun <get-binding> (): com.jewelrypos.swarnakhatabook.databinding.FragmentInvoiceSummeryFragmnetBinding declared in com.jewelrypos.swarnakhatabook.InvoiceSummeryFragmnet' type=com.jewelrypos.swarnakhatabook.databinding.FragmentInvoiceSummeryFragmnetBinding origin=GET_PROPERTY
                $this: GET_VAR '<this>: com.jewelrypos.swarnakhatabook.InvoiceSummeryFragmnet declared in com.jewelrypos.swarnakhatabook.InvoiceSummeryFragmnet.updatePaymentsDisplay' type=com.jewelrypos.swarnakhatabook.InvoiceSummeryFragmnet origin=null
            p0: CONST Int type=kotlin.Int value=8
          CALL 'public open fun setVisibility (p0: kotlin.Int): kotlin.Unit [fake_override] declared in android.widget.LinearLayout' type=kotlin.Unit origin=EQ
            $this: GET_FIELD 'FIELD IR_EXTERNAL_JAVA_DECLARATION_STUB name:paymentsSummaryContainer type:@[EnhancedNullability] android.widget.LinearLayout visibility:public [final] declared in com.jewelrypos.swarnakhatabook.databinding.FragmentInvoiceSummeryFragmnetBinding' type=@[EnhancedNullability] android.widget.LinearLayout superQualifierSymbol=com.jewelrypos.swarnakhatabook.databinding.FragmentInvoiceSummeryFragmnetBinding origin=null
              receiver: CALL 'private final fun <get-binding> (): com.jewelrypos.swarnakhatabook.databinding.FragmentInvoiceSummeryFragmnetBinding declared in com.jewelrypos.swarnakhatabook.InvoiceSummeryFragmnet' type=com.jewelrypos.swarnakhatabook.databinding.FragmentInvoiceSummeryFragmnetBinding origin=GET_PROPERTY
                $this: GET_VAR '<this>: com.jewelrypos.swarnakhatabook.InvoiceSummeryFragmnet declared in com.jewelrypos.swarnakhatabook.InvoiceSummeryFragmnet.updatePaymentsDisplay' type=com.jewelrypos.swarnakhatabook.InvoiceSummeryFragmnet origin=null
            p0: CONST Int type=kotlin.Int value=0
          VAR name:formatter type:java.text.DecimalFormat [val]
            CONSTRUCTOR_CALL 'public constructor <init> (p0: @[FlexibleNullability] kotlin.String?) declared in java.text.DecimalFormat' type=java.text.DecimalFormat origin=null
              p0: CONST String type=kotlin.String value="#,##,##0.00"
          CALL 'public final fun forEach <T> (action: kotlin.Function1<T of kotlin.collections.CollectionsKt.forEach, kotlin.Unit>): kotlin.Unit [inline] declared in kotlin.collections.CollectionsKt' type=kotlin.Unit origin=null
            <T>: com.jewelrypos.swarnakhatabook.DataClasses.Payment
            $receiver: CALL 'public final fun <get-payments> (): kotlin.collections.List<com.jewelrypos.swarnakhatabook.DataClasses.Payment> declared in com.jewelrypos.swarnakhatabook.DataClasses.Invoice' type=kotlin.collections.List<com.jewelrypos.swarnakhatabook.DataClasses.Payment> origin=GET_PROPERTY
              $this: GET_VAR 'invoice: com.jewelrypos.swarnakhatabook.DataClasses.Invoice declared in com.jewelrypos.swarnakhatabook.InvoiceSummeryFragmnet.updatePaymentsDisplay' type=com.jewelrypos.swarnakhatabook.DataClasses.Invoice origin=null
            action: BLOCK type=kotlin.Function1<com.jewelrypos.swarnakhatabook.DataClasses.Payment, kotlin.Unit> origin=LAMBDA
              COMPOSITE type=kotlin.Unit origin=null
              FUNCTION_REFERENCE 'private final fun updatePaymentsDisplay$lambda$16 (this$0: com.jewelrypos.swarnakhatabook.InvoiceSummeryFragmnet, $formatter: java.text.DecimalFormat, payment: com.jewelrypos.swarnakhatabook.DataClasses.Payment): kotlin.Unit declared in com.jewelrypos.swarnakhatabook.InvoiceSummeryFragmnet' type=kotlin.Function1<com.jewelrypos.swarnakhatabook.DataClasses.Payment, kotlin.Unit> origin=INLINE_LAMBDA reflectionTarget=null
                this$0: GET_VAR '<this>: com.jewelrypos.swarnakhatabook.InvoiceSummeryFragmnet declared in com.jewelrypos.swarnakhatabook.InvoiceSummeryFragmnet.updatePaymentsDisplay' type=com.jewelrypos.swarnakhatabook.InvoiceSummeryFragmnet origin=null
                $formatter: GET_VAR 'val formatter: java.text.DecimalFormat [val] declared in com.jewelrypos.swarnakhatabook.InvoiceSummeryFragmnet.updatePaymentsDisplay' type=java.text.DecimalFormat origin=null

	at org.jetbrains.kotlin.backend.jvm.codegen.FunctionCodegen.generate(FunctionCodegen.kt:48)
	at org.jetbrains.kotlin.backend.jvm.codegen.FunctionCodegen.generate$default(FunctionCodegen.kt:41)
	at org.jetbrains.kotlin.backend.jvm.codegen.ClassCodegen.generateMethodNode(ClassCodegen.kt:407)
	at org.jetbrains.kotlin.backend.jvm.codegen.ClassCodegen.generateMethod(ClassCodegen.kt:424)
	at org.jetbrains.kotlin.backend.jvm.codegen.ClassCodegen.generate(ClassCodegen.kt:169)
	at org.jetbrains.kotlin.backend.jvm.FileCodegen.lower(JvmPhases.kt:39)
	at org.jetbrains.kotlin.backend.common.phaser.PhaseFactoriesKt.createFilePhase$lambda$4(PhaseFactories.kt:71)
	at org.jetbrains.kotlin.backend.common.phaser.PhaseBuildersKt$createSimpleNamedCompilerPhase$1.phaseBody(PhaseBuilders.kt:69)
	at org.jetbrains.kotlin.backend.common.phaser.SimpleNamedCompilerPhase.phaseBody(CompilerPhase.kt:226)
	at org.jetbrains.kotlin.backend.common.phaser.AbstractNamedCompilerPhase.invoke(CompilerPhase.kt:113)
	at org.jetbrains.kotlin.backend.common.phaser.PerformByIrFilePhase.invokeSequential(performByIrFile.kt:52)
	... 48 more
Caused by: java.lang.RuntimeException: Exception while generating code for:
FUN INLINE_LAMBDA name:updatePaymentsDisplay$lambda$16 visibility:private modality:FINAL <> (this$0:com.jewelrypos.swarnakhatabook.InvoiceSummeryFragmnet, $formatter:java.text.DecimalFormat, payment:com.jewelrypos.swarnakhatabook.DataClasses.Payment) returnType:kotlin.Unit
  VALUE_PARAMETER BOUND_VALUE_PARAMETER name:this$0 index:0 type:com.jewelrypos.swarnakhatabook.InvoiceSummeryFragmnet
  VALUE_PARAMETER BOUND_VALUE_PARAMETER name:$formatter index:1 type:java.text.DecimalFormat
  VALUE_PARAMETER name:payment index:2 type:com.jewelrypos.swarnakhatabook.DataClasses.Payment
  BLOCK_BODY
    VAR name:$i$a$-forEach-InvoiceSummeryFragmnet$updatePaymentsDisplay$1 type:kotlin.Int [val]
      CONST Int type=kotlin.Int value=0
    VAR name:paymentRowLayout type:android.widget.LinearLayout [val]
      CALL 'public final fun apply <T> (block: @[ExtensionFunctionType] kotlin.Function1<T of kotlin.StandardKt.apply, kotlin.Unit>): T of kotlin.StandardKt.apply [inline] declared in kotlin.StandardKt' type=android.widget.LinearLayout origin=null
        <T>: android.widget.LinearLayout
        $receiver: CONSTRUCTOR_CALL 'public constructor <init> (p0: @[FlexibleNullability] android.content.Context?) declared in android.widget.LinearLayout' type=android.widget.LinearLayout origin=null
          p0: CALL 'public open fun getContext (): @[EnhancedNullability] android.content.Context? [fake_override] declared in com.jewelrypos.swarnakhatabook.InvoiceSummeryFragmnet' type=@[EnhancedNullability] android.content.Context? origin=GET_PROPERTY
            $this: GET_VAR 'this$0: com.jewelrypos.swarnakhatabook.InvoiceSummeryFragmnet declared in com.jewelrypos.swarnakhatabook.InvoiceSummeryFragmnet.updatePaymentsDisplay$lambda$16' type=com.jewelrypos.swarnakhatabook.InvoiceSummeryFragmnet origin=null
        block: BLOCK type=@[ExtensionFunctionType] kotlin.Function1<android.widget.LinearLayout, kotlin.Unit> origin=LAMBDA
          COMPOSITE type=kotlin.Unit origin=null
          FUNCTION_REFERENCE 'private final fun updatePaymentsDisplay$lambda$16$lambda$13 (): kotlin.Unit declared in com.jewelrypos.swarnakhatabook.InvoiceSummeryFragmnet' type=@[ExtensionFunctionType] kotlin.Function1<android.widget.LinearLayout, kotlin.Unit> origin=INLINE_LAMBDA reflectionTarget=null
    VAR name:methodNameTextView type:android.widget.TextView [val]
      CALL 'public final fun apply <T> (block: @[ExtensionFunctionType] kotlin.Function1<T of kotlin.StandardKt.apply, kotlin.Unit>): T of kotlin.StandardKt.apply [inline] declared in kotlin.StandardKt' type=android.widget.TextView origin=null
        <T>: android.widget.TextView
        $receiver: CONSTRUCTOR_CALL 'public constructor <init> (p0: @[FlexibleNullability] android.content.Context?) declared in android.widget.TextView' type=android.widget.TextView origin=null
          p0: CALL 'public open fun getContext (): @[EnhancedNullability] android.content.Context? [fake_override] declared in com.jewelrypos.swarnakhatabook.InvoiceSummeryFragmnet' type=@[EnhancedNullability] android.content.Context? origin=GET_PROPERTY
            $this: GET_VAR 'this$0: com.jewelrypos.swarnakhatabook.InvoiceSummeryFragmnet declared in com.jewelrypos.swarnakhatabook.InvoiceSummeryFragmnet.updatePaymentsDisplay$lambda$16' type=com.jewelrypos.swarnakhatabook.InvoiceSummeryFragmnet origin=null
        block: BLOCK type=@[ExtensionFunctionType] kotlin.Function1<android.widget.TextView, kotlin.Unit> origin=LAMBDA
          COMPOSITE type=kotlin.Unit origin=null
          FUNCTION_REFERENCE 'private final fun updatePaymentsDisplay$lambda$16$lambda$14 ($payment: com.jewelrypos.swarnakhatabook.DataClasses.Payment): kotlin.Unit declared in com.jewelrypos.swarnakhatabook.InvoiceSummeryFragmnet' type=@[ExtensionFunctionType] kotlin.Function1<android.widget.TextView, kotlin.Unit> origin=INLINE_LAMBDA reflectionTarget=null
            $payment: GET_VAR 'payment: com.jewelrypos.swarnakhatabook.DataClasses.Payment declared in com.jewelrypos.swarnakhatabook.InvoiceSummeryFragmnet.updatePaymentsDisplay$lambda$16' type=com.jewelrypos.swarnakhatabook.DataClasses.Payment origin=null
    VAR name:paymentAmountTextView type:android.widget.TextView [val]
      CALL 'public final fun apply <T> (block: @[ExtensionFunctionType] kotlin.Function1<T of kotlin.StandardKt.apply, kotlin.Unit>): T of kotlin.StandardKt.apply [inline] declared in kotlin.StandardKt' type=android.widget.TextView origin=null
        <T>: android.widget.TextView
        $receiver: CONSTRUCTOR_CALL 'public constructor <init> (p0: @[FlexibleNullability] android.content.Context?) declared in android.widget.TextView' type=android.widget.TextView origin=null
          p0: CALL 'public open fun getContext (): @[EnhancedNullability] android.content.Context? [fake_override] declared in com.jewelrypos.swarnakhatabook.InvoiceSummeryFragmnet' type=@[EnhancedNullability] android.content.Context? origin=GET_PROPERTY
            $this: GET_VAR 'this$0: com.jewelrypos.swarnakhatabook.InvoiceSummeryFragmnet declared in com.jewelrypos.swarnakhatabook.InvoiceSummeryFragmnet.updatePaymentsDisplay$lambda$16' type=com.jewelrypos.swarnakhatabook.InvoiceSummeryFragmnet origin=null
        block: BLOCK type=@[ExtensionFunctionType] kotlin.Function1<android.widget.TextView, kotlin.Unit> origin=LAMBDA
          COMPOSITE type=kotlin.Unit origin=null
          FUNCTION_REFERENCE 'private final fun updatePaymentsDisplay$lambda$16$lambda$15 ($formatter: java.text.DecimalFormat, $payment: com.jewelrypos.swarnakhatabook.DataClasses.Payment): kotlin.Unit declared in com.jewelrypos.swarnakhatabook.InvoiceSummeryFragmnet' type=@[ExtensionFunctionType] kotlin.Function1<android.widget.TextView, kotlin.Unit> origin=INLINE_LAMBDA reflectionTarget=null
            $formatter: GET_VAR '$formatter: java.text.DecimalFormat declared in com.jewelrypos.swarnakhatabook.InvoiceSummeryFragmnet.updatePaymentsDisplay$lambda$16' type=java.text.DecimalFormat origin=null
            $payment: GET_VAR 'payment: com.jewelrypos.swarnakhatabook.DataClasses.Payment declared in com.jewelrypos.swarnakhatabook.InvoiceSummeryFragmnet.updatePaymentsDisplay$lambda$16' type=com.jewelrypos.swarnakhatabook.DataClasses.Payment origin=null
    CALL 'public open fun addView (p0: @[FlexibleNullability] android.view.View?): kotlin.Unit [fake_override] declared in android.widget.LinearLayout' type=kotlin.Unit origin=null
      $this: GET_VAR 'val paymentRowLayout: android.widget.LinearLayout [val] declared in com.jewelrypos.swarnakhatabook.InvoiceSummeryFragmnet.updatePaymentsDisplay$lambda$16' type=android.widget.LinearLayout origin=null
      p0: GET_VAR 'val methodNameTextView: android.widget.TextView [val] declared in com.jewelrypos.swarnakhatabook.InvoiceSummeryFragmnet.updatePaymentsDisplay$lambda$16' type=android.widget.TextView origin=null
    CALL 'public open fun addView (p0: @[FlexibleNullability] android.view.View?): kotlin.Unit [fake_override] declared in android.widget.LinearLayout' type=kotlin.Unit origin=null
      $this: GET_VAR 'val paymentRowLayout: android.widget.LinearLayout [val] declared in com.jewelrypos.swarnakhatabook.InvoiceSummeryFragmnet.updatePaymentsDisplay$lambda$16' type=android.widget.LinearLayout origin=null
      p0: GET_VAR 'val paymentAmountTextView: android.widget.TextView [val] declared in com.jewelrypos.swarnakhatabook.InvoiceSummeryFragmnet.updatePaymentsDisplay$lambda$16' type=android.widget.TextView origin=null
    CALL 'public open fun addView (p0: @[FlexibleNullability] android.view.View?): kotlin.Unit [fake_override] declared in android.widget.LinearLayout' type=kotlin.Unit origin=null
      $this: GET_FIELD 'FIELD IR_EXTERNAL_JAVA_DECLARATION_STUB name:paymentsSummaryContainer type:@[EnhancedNullability] android.widget.LinearLayout visibility:public [final] declared in com.jewelrypos.swarnakhatabook.databinding.FragmentInvoiceSummeryFragmnetBinding' type=@[EnhancedNullability] android.widget.LinearLayout superQualifierSymbol=com.jewelrypos.swarnakhatabook.databinding.FragmentInvoiceSummeryFragmnetBinding origin=null
        receiver: CALL 'private final fun <get-binding> (): com.jewelrypos.swarnakhatabook.databinding.FragmentInvoiceSummeryFragmnetBinding declared in com.jewelrypos.swarnakhatabook.InvoiceSummeryFragmnet' type=com.jewelrypos.swarnakhatabook.databinding.FragmentInvoiceSummeryFragmnetBinding origin=GET_PROPERTY
          $this: GET_VAR 'this$0: com.jewelrypos.swarnakhatabook.InvoiceSummeryFragmnet declared in com.jewelrypos.swarnakhatabook.InvoiceSummeryFragmnet.updatePaymentsDisplay$lambda$16' type=com.jewelrypos.swarnakhatabook.InvoiceSummeryFragmnet origin=null
      p0: GET_VAR 'val paymentRowLayout: android.widget.LinearLayout [val] declared in com.jewelrypos.swarnakhatabook.InvoiceSummeryFragmnet.updatePaymentsDisplay$lambda$16' type=android.widget.LinearLayout origin=null

	at org.jetbrains.kotlin.backend.jvm.codegen.FunctionCodegen.generate(FunctionCodegen.kt:48)
	at org.jetbrains.kotlin.backend.jvm.codegen.IrSourceCompilerForInline.generateLambdaBody(IrSourceCompilerForInline.kt:67)
	at org.jetbrains.kotlin.codegen.inline.ExpressionLambda.generateLambdaBody(LambdaInfo.kt:72)
	at org.jetbrains.kotlin.backend.jvm.codegen.IrInlineCodegen.genValueAndPut(IrInlineCodegen.kt:100)
	at org.jetbrains.kotlin.backend.jvm.codegen.ExpressionCodegen.visitCall$handleParameter(ExpressionCodegen.kt:561)
	at org.jetbrains.kotlin.backend.jvm.codegen.ExpressionCodegen.visitCall(ExpressionCodegen.kt:589)
	at org.jetbrains.kotlin.backend.jvm.codegen.ExpressionCodegen.visitCall(ExpressionCodegen.kt:134)
	at org.jetbrains.kotlin.ir.expressions.IrCall.accept(IrCall.kt:24)
	at org.jetbrains.kotlin.backend.jvm.codegen.ExpressionCodegen.visitStatementContainer(ExpressionCodegen.kt:524)
	at org.jetbrains.kotlin.backend.jvm.codegen.ExpressionCodegen.visitContainerExpression(ExpressionCodegen.kt:538)
	at org.jetbrains.kotlin.backend.jvm.codegen.ExpressionCodegen.visitContainerExpression(ExpressionCodegen.kt:134)
	at org.jetbrains.kotlin.ir.visitors.IrElementVisitor$DefaultImpls.visitBlock(IrElementVisitor.kt:126)
	at org.jetbrains.kotlin.backend.jvm.codegen.ExpressionCodegen.visitBlock(ExpressionCodegen.kt:409)
	at org.jetbrains.kotlin.backend.jvm.codegen.ExpressionCodegen.visitBlock(ExpressionCodegen.kt:134)
	at org.jetbrains.kotlin.ir.expressions.IrBlock.accept(IrBlock.kt:18)
	at org.jetbrains.kotlin.backend.jvm.codegen.ExpressionCodegen.visitWhen(ExpressionCodegen.kt:1050)
	at org.jetbrains.kotlin.backend.jvm.codegen.ExpressionCodegen.visitWhen(ExpressionCodegen.kt:134)
	at org.jetbrains.kotlin.ir.expressions.IrWhen.accept(IrWhen.kt:24)
	at org.jetbrains.kotlin.backend.jvm.codegen.ExpressionCodegen.visitStatementContainer(ExpressionCodegen.kt:524)
	at org.jetbrains.kotlin.backend.jvm.codegen.ExpressionCodegen.visitBlockBody(ExpressionCodegen.kt:529)
	at org.jetbrains.kotlin.backend.jvm.codegen.ExpressionCodegen.visitBlockBody(ExpressionCodegen.kt:134)
	at org.jetbrains.kotlin.ir.expressions.IrBlockBody.accept(IrBlockBody.kt:20)
	at org.jetbrains.kotlin.backend.jvm.codegen.ExpressionCodegen.generate(ExpressionCodegen.kt:236)
	at org.jetbrains.kotlin.backend.jvm.codegen.FunctionCodegen.doGenerate(FunctionCodegen.kt:124)
	at org.jetbrains.kotlin.backend.jvm.codegen.FunctionCodegen.generate(FunctionCodegen.kt:45)
	... 58 more
Caused by: java.lang.RuntimeException: Exception while generating code for:
FUN INLINE_LAMBDA name:updatePaymentsDisplay$lambda$16$lambda$14 visibility:private modality:FINAL <> ($receiver:android.widget.TextView, $payment:com.jewelrypos.swarnakhatabook.DataClasses.Payment) returnType:kotlin.Unit
  $receiver: VALUE_PARAMETER name:$this$apply type:android.widget.TextView
  VALUE_PARAMETER BOUND_VALUE_PARAMETER name:$payment index:0 type:com.jewelrypos.swarnakhatabook.DataClasses.Payment
  BLOCK_BODY
    VAR name:$i$a$-apply-InvoiceSummeryFragmnet$updatePaymentsDisplay$1$methodNameTextView$1 type:kotlin.Int [val]
      CONST Int type=kotlin.Int value=0
    CALL 'public open fun setLayoutParams (p0: @[FlexibleNullability] android.view.ViewGroup.LayoutParams?): kotlin.Unit [fake_override] declared in android.widget.TextView' type=kotlin.Unit origin=EQ
      $this: GET_VAR '$this$apply: android.widget.TextView declared in com.jewelrypos.swarnakhatabook.InvoiceSummeryFragmnet.updatePaymentsDisplay$lambda$16$lambda$14' type=android.widget.TextView origin=null
      p0: CONSTRUCTOR_CALL 'public constructor <init> (p0: kotlin.Int, p1: kotlin.Int, p2: kotlin.Float) declared in android.widget.LinearLayout.LayoutParams' type=android.widget.LinearLayout.LayoutParams origin=null
        p0: CONST Int type=kotlin.Int value=0
        p1: CONST Int type=kotlin.Int value=-2
        p2: CONST Float type=kotlin.Float value=1.0
    SET_FIELD 'FIELD IR_EXTERNAL_JAVA_DECLARATION_STUB name:fontFamily type:kotlin.Int visibility:public [final,static] declared in android.R.attr' type=kotlin.Unit superQualifierSymbol=android.R.attr origin=EQ
      value: GET_FIELD 'FIELD IR_EXTERNAL_JAVA_DECLARATION_STUB name:montserratmedium type:kotlin.Int visibility:public [static] declared in com.jewelrypos.swarnakhatabook.R.font' type=kotlin.Int superQualifierSymbol=com.jewelrypos.swarnakhatabook.R.font origin=null
    CALL 'public final fun setText (p0: @[FlexibleNullability] kotlin.CharSequence?): kotlin.Unit declared in android.widget.TextView' type=kotlin.Unit origin=EQ
      $this: GET_VAR '$this$apply: android.widget.TextView declared in com.jewelrypos.swarnakhatabook.InvoiceSummeryFragmnet.updatePaymentsDisplay$lambda$16$lambda$14' type=android.widget.TextView origin=null
      p0: CALL 'public final fun <get-method> (): kotlin.String declared in com.jewelrypos.swarnakhatabook.DataClasses.Payment' type=kotlin.String origin=GET_PROPERTY
        $this: GET_VAR '$payment: com.jewelrypos.swarnakhatabook.DataClasses.Payment declared in com.jewelrypos.swarnakhatabook.InvoiceSummeryFragmnet.updatePaymentsDisplay$lambda$16$lambda$14' type=com.jewelrypos.swarnakhatabook.DataClasses.Payment origin=null
    CALL 'public open fun setTextSize (p0: kotlin.Float): kotlin.Unit declared in android.widget.TextView' type=kotlin.Unit origin=EQ
      $this: GET_VAR '$this$apply: android.widget.TextView declared in com.jewelrypos.swarnakhatabook.InvoiceSummeryFragmnet.updatePaymentsDisplay$lambda$16$lambda$14' type=android.widget.TextView origin=null
      p0: CONST Float type=kotlin.Float value=14.0
    CALL 'public open fun setTextColor (p0: kotlin.Int): kotlin.Unit declared in android.widget.TextView' type=kotlin.Unit origin=null
      $this: GET_VAR '$this$apply: android.widget.TextView declared in com.jewelrypos.swarnakhatabook.InvoiceSummeryFragmnet.updatePaymentsDisplay$lambda$16$lambda$14' type=android.widget.TextView origin=null
      p0: CALL 'public open fun getColor (p0: @[EnhancedNullability] android.content.Context, p1: kotlin.Int): kotlin.Int declared in androidx.core.content.ContextCompat' type=kotlin.Int origin=null
        p0: CALL 'public final fun getContext (): @[FlexibleNullability] android.content.Context? [fake_override] declared in android.widget.TextView' type=@[FlexibleNullability] android.content.Context? origin=GET_PROPERTY
          $this: GET_VAR '$this$apply: android.widget.TextView declared in com.jewelrypos.swarnakhatabook.InvoiceSummeryFragmnet.updatePaymentsDisplay$lambda$16$lambda$14' type=android.widget.TextView origin=null
        p1: GET_FIELD 'FIELD IR_EXTERNAL_JAVA_DECLARATION_STUB name:my_light_on_background type:kotlin.Int visibility:public [static] declared in com.jewelrypos.swarnakhatabook.R.color' type=kotlin.Int superQualifierSymbol=com.jewelrypos.swarnakhatabook.R.color origin=null

	at org.jetbrains.kotlin.backend.jvm.codegen.FunctionCodegen.generate(FunctionCodegen.kt:48)
	at org.jetbrains.kotlin.backend.jvm.codegen.IrSourceCompilerForInline.generateLambdaBody(IrSourceCompilerForInline.kt:67)
	at org.jetbrains.kotlin.codegen.inline.ExpressionLambda.generateLambdaBody(LambdaInfo.kt:72)
	at org.jetbrains.kotlin.backend.jvm.codegen.IrInlineCodegen.genValueAndPut(IrInlineCodegen.kt:100)
	at org.jetbrains.kotlin.backend.jvm.codegen.ExpressionCodegen.visitCall$handleParameter(ExpressionCodegen.kt:561)
	at org.jetbrains.kotlin.backend.jvm.codegen.ExpressionCodegen.visitCall(ExpressionCodegen.kt:589)
	at org.jetbrains.kotlin.backend.jvm.codegen.ExpressionCodegen.visitCall(ExpressionCodegen.kt:134)
	at org.jetbrains.kotlin.ir.expressions.IrCall.accept(IrCall.kt:24)
	at org.jetbrains.kotlin.backend.jvm.codegen.ExpressionCodegen.visitVariable(ExpressionCodegen.kt:735)
	at org.jetbrains.kotlin.backend.jvm.codegen.ExpressionCodegen.visitVariable(ExpressionCodegen.kt:134)
	at org.jetbrains.kotlin.ir.declarations.IrVariable.accept(IrVariable.kt:36)
	at org.jetbrains.kotlin.backend.jvm.codegen.ExpressionCodegen.visitStatementContainer(ExpressionCodegen.kt:524)
	at org.jetbrains.kotlin.backend.jvm.codegen.ExpressionCodegen.visitBlockBody(ExpressionCodegen.kt:529)
	at org.jetbrains.kotlin.backend.jvm.codegen.ExpressionCodegen.visitBlockBody(ExpressionCodegen.kt:134)
	at org.jetbrains.kotlin.ir.expressions.IrBlockBody.accept(IrBlockBody.kt:20)
	at org.jetbrains.kotlin.backend.jvm.codegen.ExpressionCodegen.generate(ExpressionCodegen.kt:236)
	at org.jetbrains.kotlin.backend.jvm.codegen.FunctionCodegen.doGenerate(FunctionCodegen.kt:124)
	at org.jetbrains.kotlin.backend.jvm.codegen.FunctionCodegen.generate(FunctionCodegen.kt:45)
	... 82 more
Caused by: java.lang.AssertionError: access of const val: SET_FIELD 'FIELD IR_EXTERNAL_JAVA_DECLARATION_STUB name:fontFamily type:kotlin.Int visibility:public [final,static] declared in android.R.attr' type=kotlin.Unit superQualifierSymbol=android.R.attr origin=EQ
  value: GET_FIELD 'FIELD IR_EXTERNAL_JAVA_DECLARATION_STUB name:montserratmedium type:kotlin.Int visibility:public [static] declared in com.jewelrypos.swarnakhatabook.R.font' type=kotlin.Int superQualifierSymbol=com.jewelrypos.swarnakhatabook.R.font origin=null

	at org.jetbrains.kotlin.backend.jvm.codegen.ExpressionCodegen.visitFieldAccess(ExpressionCodegen.kt:813)
	at org.jetbrains.kotlin.backend.jvm.codegen.ExpressionCodegen.visitFieldAccess(ExpressionCodegen.kt:134)
	at org.jetbrains.kotlin.ir.visitors.IrElementVisitor$DefaultImpls.visitSetField(IrElementVisitor.kt:210)
	at org.jetbrains.kotlin.backend.jvm.codegen.ExpressionCodegen.visitSetField(ExpressionCodegen.kt:860)
	at org.jetbrains.kotlin.backend.jvm.codegen.ExpressionCodegen.visitSetField(ExpressionCodegen.kt:134)
	at org.jetbrains.kotlin.ir.expressions.IrSetField.accept(IrSetField.kt:21)
	at org.jetbrains.kotlin.backend.jvm.codegen.ExpressionCodegen.visitStatementContainer(ExpressionCodegen.kt:524)
	at org.jetbrains.kotlin.backend.jvm.codegen.ExpressionCodegen.visitBlockBody(ExpressionCodegen.kt:529)
	at org.jetbrains.kotlin.backend.jvm.codegen.ExpressionCodegen.visitBlockBody(ExpressionCodegen.kt:134)
	at org.jetbrains.kotlin.ir.expressions.IrBlockBody.accept(IrBlockBody.kt:20)
	at org.jetbrains.kotlin.backend.jvm.codegen.ExpressionCodegen.generate(ExpressionCodegen.kt:236)
	at org.jetbrains.kotlin.backend.jvm.codegen.FunctionCodegen.doGenerate(FunctionCodegen.kt:124)
	at org.jetbrains.kotlin.backend.jvm.codegen.FunctionCodegen.generate(FunctionCodegen.kt:45)
	... 99 more


