kotlin version: 2.1.0
error message: org.jetbrains.kotlin.backend.common.BackendException: Backend Internal error: Exception during IR lowering
File being compiled: C:/Users/kishan/AndroidStudioProjects/SwarnaKhataBook/app/src/main/java/com/jewelrypos/swarnakhatabook/InvoiceCreationFragment.kt
The root cause java.lang.RuntimeException was thrown at: org.jetbrains.kotlin.backend.jvm.codegen.FunctionCodegen.generate(FunctionCodegen.kt:48)
	at org.jetbrains.kotlin.backend.common.CodegenUtil.reportBackendException(CodegenUtil.kt:253)
	at org.jetbrains.kotlin.backend.common.CodegenUtil.reportBackendException$default(CodegenUtil.kt:236)
	at org.jetbrains.kotlin.backend.common.phaser.PerformByIrFilePhase.invokeSequential(performByIrFile.kt:55)
	at org.jetbrains.kotlin.backend.common.phaser.PerformByIrFilePhase.invoke(performByIrFile.kt:42)
	at org.jetbrains.kotlin.backend.common.phaser.PerformByIrFilePhase.invoke(performByIrFile.kt:28)
	at org.jetbrains.kotlin.backend.common.phaser.NamedCompilerPhase.phaseBody(CompilerPhase.kt:166)
	at org.jetbrains.kotlin.backend.common.phaser.AbstractNamedCompilerPhase.invoke(CompilerPhase.kt:113)
	at org.jetbrains.kotlin.backend.common.phaser.CompositePhase.invoke(PhaseBuilders.kt:27)
	at org.jetbrains.kotlin.backend.common.phaser.CompositePhase.invoke(PhaseBuilders.kt:14)
	at org.jetbrains.kotlin.backend.common.phaser.NamedCompilerPhase.phaseBody(CompilerPhase.kt:166)
	at org.jetbrains.kotlin.backend.common.phaser.AbstractNamedCompilerPhase.invoke(CompilerPhase.kt:113)
	at org.jetbrains.kotlin.backend.common.phaser.CompilerPhaseKt.invokeToplevel(CompilerPhase.kt:62)
	at org.jetbrains.kotlin.backend.jvm.JvmIrCodegenFactory.invokeCodegen(JvmIrCodegenFactory.kt:371)
	at org.jetbrains.kotlin.codegen.CodegenFactory.generateModule(CodegenFactory.kt:47)
	at org.jetbrains.kotlin.backend.jvm.JvmIrCodegenFactory.generateModuleInFrontendIRMode(JvmIrCodegenFactory.kt:433)
	at org.jetbrains.kotlin.cli.jvm.compiler.pipeline.JvmCompilerPipelineKt.generateCodeFromIr(jvmCompilerPipeline.kt:192)
	at org.jetbrains.kotlin.cli.jvm.compiler.pipeline.JvmCompilerPipelineKt.runBackend(jvmCompilerPipeline.kt:80)
	at org.jetbrains.kotlin.cli.jvm.compiler.pipeline.JvmCompilerPipelineLightTreeKt.compileModule(jvmCompilerPipelineLightTree.kt:264)
	at org.jetbrains.kotlin.cli.jvm.compiler.pipeline.JvmCompilerPipelineLightTreeKt.compileSingleModuleUsingFrontendIrAndLightTree(jvmCompilerPipelineLightTree.kt:231)
	at org.jetbrains.kotlin.cli.jvm.compiler.pipeline.JvmCompilerPipelineLightTreeKt.compileModulesUsingFrontendIrAndLightTree(jvmCompilerPipelineLightTree.kt:86)
	at org.jetbrains.kotlin.cli.jvm.K2JVMCompiler.doExecute(K2JVMCompiler.kt:146)
	at org.jetbrains.kotlin.cli.jvm.K2JVMCompiler.doExecute(K2JVMCompiler.kt:43)
	at org.jetbrains.kotlin.cli.common.CLICompiler.execImpl(CLICompiler.kt:102)
	at org.jetbrains.kotlin.cli.common.CLICompiler.exec(CLICompiler.kt:316)
	at org.jetbrains.kotlin.incremental.IncrementalJvmCompilerRunner.runCompiler(IncrementalJvmCompilerRunner.kt:464)
	at org.jetbrains.kotlin.incremental.IncrementalJvmCompilerRunner.runCompiler(IncrementalJvmCompilerRunner.kt:73)
	at org.jetbrains.kotlin.incremental.IncrementalCompilerRunner.doCompile(IncrementalCompilerRunner.kt:506)
	at org.jetbrains.kotlin.incremental.IncrementalCompilerRunner.compileImpl(IncrementalCompilerRunner.kt:423)
	at org.jetbrains.kotlin.incremental.IncrementalCompilerRunner.tryCompileIncrementally$lambda$9$compile(IncrementalCompilerRunner.kt:249)
	at org.jetbrains.kotlin.incremental.IncrementalCompilerRunner.tryCompileIncrementally(IncrementalCompilerRunner.kt:267)
	at org.jetbrains.kotlin.incremental.IncrementalCompilerRunner.compile(IncrementalCompilerRunner.kt:120)
	at org.jetbrains.kotlin.daemon.CompileServiceImplBase.execIncrementalCompiler(CompileServiceImpl.kt:674)
	at org.jetbrains.kotlin.daemon.CompileServiceImplBase.access$execIncrementalCompiler(CompileServiceImpl.kt:91)
	at org.jetbrains.kotlin.daemon.CompileServiceImpl.compile(CompileServiceImpl.kt:1659)
	at java.base/jdk.internal.reflect.NativeMethodAccessorImpl.invoke0(Native Method)
	at java.base/jdk.internal.reflect.NativeMethodAccessorImpl.invoke(NativeMethodAccessorImpl.java:77)
	at java.base/jdk.internal.reflect.DelegatingMethodAccessorImpl.invoke(DelegatingMethodAccessorImpl.java:43)
	at java.base/java.lang.reflect.Method.invoke(Method.java:569)
	at java.rmi/sun.rmi.server.UnicastServerRef.dispatch(UnicastServerRef.java:360)
	at java.rmi/sun.rmi.transport.Transport$1.run(Transport.java:200)
	at java.rmi/sun.rmi.transport.Transport$1.run(Transport.java:197)
	at java.base/java.security.AccessController.doPrivileged(AccessController.java:712)
	at java.rmi/sun.rmi.transport.Transport.serviceCall(Transport.java:196)
	at java.rmi/sun.rmi.transport.tcp.TCPTransport.handleMessages(TCPTransport.java:587)
	at java.rmi/sun.rmi.transport.tcp.TCPTransport$ConnectionHandler.run0(TCPTransport.java:828)
	at java.rmi/sun.rmi.transport.tcp.TCPTransport$ConnectionHandler.lambda$run$0(TCPTransport.java:705)
	at java.base/java.security.AccessController.doPrivileged(AccessController.java:399)
	at java.rmi/sun.rmi.transport.tcp.TCPTransport$ConnectionHandler.run(TCPTransport.java:704)
	at java.base/java.util.concurrent.ThreadPoolExecutor.runWorker(ThreadPoolExecutor.java:1136)
	at java.base/java.util.concurrent.ThreadPoolExecutor$Worker.run(ThreadPoolExecutor.java:635)
	at java.base/java.lang.Thread.run(Thread.java:840)
Caused by: java.lang.RuntimeException: Exception while generating code for:
FUN name:highlightCurrentStep visibility:private modality:FINAL <> ($this:com.jewelrypos.swarnakhatabook.InvoiceCreationFragment, step:com.jewelrypos.swarnakhatabook.InvoiceCreationFragment.InvoiceStep) returnType:kotlin.Unit
  $this: VALUE_PARAMETER name:<this> type:com.jewelrypos.swarnakhatabook.InvoiceCreationFragment
  VALUE_PARAMETER name:step index:0 type:com.jewelrypos.swarnakhatabook.InvoiceCreationFragment.InvoiceStep
  BLOCK_BODY
    SET_FIELD 'FIELD PROPERTY_BACKING_FIELD name:currentStep type:com.jewelrypos.swarnakhatabook.InvoiceCreationFragment.InvoiceStep visibility:private' type=kotlin.Unit origin=null
      receiver: GET_VAR '<this>: com.jewelrypos.swarnakhatabook.InvoiceCreationFragment declared in com.jewelrypos.swarnakhatabook.InvoiceCreationFragment.highlightCurrentStep' type=com.jewelrypos.swarnakhatabook.InvoiceCreationFragment origin=null
      value: GET_VAR 'step: com.jewelrypos.swarnakhatabook.InvoiceCreationFragment.InvoiceStep declared in com.jewelrypos.swarnakhatabook.InvoiceCreationFragment.highlightCurrentStep' type=com.jewelrypos.swarnakhatabook.InvoiceCreationFragment.InvoiceStep origin=null
    COMPOSITE type=kotlin.Unit origin=null
      CALL 'public final fun apply <T> (block: @[ExtensionFunctionType] kotlin.Function1<T of kotlin.StandardKt.apply, kotlin.Unit>): T of kotlin.StandardKt.apply [inline] declared in kotlin.StandardKt' type=@[EnhancedNullability] android.widget.Button origin=null
        <T>: @[EnhancedNullability] android.widget.Button
        $receiver: GET_FIELD 'FIELD IR_EXTERNAL_JAVA_DECLARATION_STUB name:selectCustomerButton type:@[EnhancedNullability] android.widget.Button visibility:public [final] declared in com.jewelrypos.swarnakhatabook.databinding.FragmentInvoiceCreationBinding' type=@[EnhancedNullability] android.widget.Button superQualifierSymbol=com.jewelrypos.swarnakhatabook.databinding.FragmentInvoiceCreationBinding origin=null
          receiver: CALL 'private final fun <get-binding> (): com.jewelrypos.swarnakhatabook.databinding.FragmentInvoiceCreationBinding declared in com.jewelrypos.swarnakhatabook.InvoiceCreationFragment' type=com.jewelrypos.swarnakhatabook.databinding.FragmentInvoiceCreationBinding origin=GET_PROPERTY
            $this: GET_VAR '<this>: com.jewelrypos.swarnakhatabook.InvoiceCreationFragment declared in com.jewelrypos.swarnakhatabook.InvoiceCreationFragment.highlightCurrentStep' type=com.jewelrypos.swarnakhatabook.InvoiceCreationFragment origin=null
        block: BLOCK type=@[ExtensionFunctionType] kotlin.Function1<@[EnhancedNullability] android.widget.Button, kotlin.Unit> origin=LAMBDA
          COMPOSITE type=kotlin.Unit origin=null
          FUNCTION_REFERENCE 'private final fun highlightCurrentStep$lambda$27 (this$0: com.jewelrypos.swarnakhatabook.InvoiceCreationFragment): kotlin.Unit declared in com.jewelrypos.swarnakhatabook.InvoiceCreationFragment' type=@[ExtensionFunctionType] kotlin.Function1<@[EnhancedNullability] android.widget.Button, kotlin.Unit> origin=INLINE_LAMBDA reflectionTarget=null
            this$0: GET_VAR '<this>: com.jewelrypos.swarnakhatabook.InvoiceCreationFragment declared in com.jewelrypos.swarnakhatabook.InvoiceCreationFragment.highlightCurrentStep' type=com.jewelrypos.swarnakhatabook.InvoiceCreationFragment origin=null
      COMPOSITE type=kotlin.Unit origin=null
    COMPOSITE type=kotlin.Unit origin=null
      CALL 'public final fun apply <T> (block: @[ExtensionFunctionType] kotlin.Function1<T of kotlin.StandardKt.apply, kotlin.Unit>): T of kotlin.StandardKt.apply [inline] declared in kotlin.StandardKt' type=@[EnhancedNullability] android.widget.Button origin=null
        <T>: @[EnhancedNullability] android.widget.Button
        $receiver: GET_FIELD 'FIELD IR_EXTERNAL_JAVA_DECLARATION_STUB name:addItemButton type:@[EnhancedNullability] android.widget.Button visibility:public [final] declared in com.jewelrypos.swarnakhatabook.databinding.FragmentInvoiceCreationBinding' type=@[EnhancedNullability] android.widget.Button superQualifierSymbol=com.jewelrypos.swarnakhatabook.databinding.FragmentInvoiceCreationBinding origin=null
          receiver: CALL 'private final fun <get-binding> (): com.jewelrypos.swarnakhatabook.databinding.FragmentInvoiceCreationBinding declared in com.jewelrypos.swarnakhatabook.InvoiceCreationFragment' type=com.jewelrypos.swarnakhatabook.databinding.FragmentInvoiceCreationBinding origin=GET_PROPERTY
            $this: GET_VAR '<this>: com.jewelrypos.swarnakhatabook.InvoiceCreationFragment declared in com.jewelrypos.swarnakhatabook.InvoiceCreationFragment.highlightCurrentStep' type=com.jewelrypos.swarnakhatabook.InvoiceCreationFragment origin=null
        block: BLOCK type=@[ExtensionFunctionType] kotlin.Function1<@[EnhancedNullability] android.widget.Button, kotlin.Unit> origin=LAMBDA
          COMPOSITE type=kotlin.Unit origin=null
          FUNCTION_REFERENCE 'private final fun highlightCurrentStep$lambda$28 (this$0: com.jewelrypos.swarnakhatabook.InvoiceCreationFragment): kotlin.Unit declared in com.jewelrypos.swarnakhatabook.InvoiceCreationFragment' type=@[ExtensionFunctionType] kotlin.Function1<@[EnhancedNullability] android.widget.Button, kotlin.Unit> origin=INLINE_LAMBDA reflectionTarget=null
            this$0: GET_VAR '<this>: com.jewelrypos.swarnakhatabook.InvoiceCreationFragment declared in com.jewelrypos.swarnakhatabook.InvoiceCreationFragment.highlightCurrentStep' type=com.jewelrypos.swarnakhatabook.InvoiceCreationFragment origin=null
      COMPOSITE type=kotlin.Unit origin=null
    COMPOSITE type=kotlin.Unit origin=null
      CALL 'public final fun apply <T> (block: @[ExtensionFunctionType] kotlin.Function1<T of kotlin.StandardKt.apply, kotlin.Unit>): T of kotlin.StandardKt.apply [inline] declared in kotlin.StandardKt' type=@[EnhancedNullability] android.widget.Button origin=null
        <T>: @[EnhancedNullability] android.widget.Button
        $receiver: GET_FIELD 'FIELD IR_EXTERNAL_JAVA_DECLARATION_STUB name:addPaymentButton type:@[EnhancedNullability] android.widget.Button visibility:public [final] declared in com.jewelrypos.swarnakhatabook.databinding.FragmentInvoiceCreationBinding' type=@[EnhancedNullability] android.widget.Button superQualifierSymbol=com.jewelrypos.swarnakhatabook.databinding.FragmentInvoiceCreationBinding origin=null
          receiver: CALL 'private final fun <get-binding> (): com.jewelrypos.swarnakhatabook.databinding.FragmentInvoiceCreationBinding declared in com.jewelrypos.swarnakhatabook.InvoiceCreationFragment' type=com.jewelrypos.swarnakhatabook.databinding.FragmentInvoiceCreationBinding origin=GET_PROPERTY
            $this: GET_VAR '<this>: com.jewelrypos.swarnakhatabook.InvoiceCreationFragment declared in com.jewelrypos.swarnakhatabook.InvoiceCreationFragment.highlightCurrentStep' type=com.jewelrypos.swarnakhatabook.InvoiceCreationFragment origin=null
        block: BLOCK type=@[ExtensionFunctionType] kotlin.Function1<@[EnhancedNullability] android.widget.Button, kotlin.Unit> origin=LAMBDA
          COMPOSITE type=kotlin.Unit origin=null
          FUNCTION_REFERENCE 'private final fun highlightCurrentStep$lambda$29 (this$0: com.jewelrypos.swarnakhatabook.InvoiceCreationFragment): kotlin.Unit declared in com.jewelrypos.swarnakhatabook.InvoiceCreationFragment' type=@[ExtensionFunctionType] kotlin.Function1<@[EnhancedNullability] android.widget.Button, kotlin.Unit> origin=INLINE_LAMBDA reflectionTarget=null
            this$0: GET_VAR '<this>: com.jewelrypos.swarnakhatabook.InvoiceCreationFragment declared in com.jewelrypos.swarnakhatabook.InvoiceCreationFragment.highlightCurrentStep' type=com.jewelrypos.swarnakhatabook.InvoiceCreationFragment origin=null
      COMPOSITE type=kotlin.Unit origin=null
    COMPOSITE type=kotlin.Unit origin=null
      BLOCK type=@[EnhancedNullability] android.widget.Button origin=WHEN
        VAR IR_TEMPORARY_VARIABLE name:tmp0_subject type:com.jewelrypos.swarnakhatabook.InvoiceCreationFragment.InvoiceStep [val]
          GET_VAR 'step: com.jewelrypos.swarnakhatabook.InvoiceCreationFragment.InvoiceStep declared in com.jewelrypos.swarnakhatabook.InvoiceCreationFragment.highlightCurrentStep' type=com.jewelrypos.swarnakhatabook.InvoiceCreationFragment.InvoiceStep origin=null
        VAR IR_TEMPORARY_VARIABLE name:tmp0 type:kotlin.Int [val]
          CALL 'public final fun get (index: kotlin.Int): kotlin.Int [operator] declared in kotlin.IntArray' type=kotlin.Int origin=null
            $this: GET_FIELD 'FIELD ENUM_MAPPINGS_FOR_WHEN name:$EnumSwitchMapping$0 type:kotlin.IntArray visibility:public [final,static] declared in com.jewelrypos.swarnakhatabook.InvoiceCreationFragment.WhenMappings' type=kotlin.IntArray origin=null
            index: CALL 'public final fun <get-ordinal> (): kotlin.Int [fake_override] declared in com.jewelrypos.swarnakhatabook.InvoiceCreationFragment.InvoiceStep' type=kotlin.Int origin=null
              $this: GET_VAR 'val tmp0_subject: com.jewelrypos.swarnakhatabook.InvoiceCreationFragment.InvoiceStep [val] declared in com.jewelrypos.swarnakhatabook.InvoiceCreationFragment.highlightCurrentStep' type=com.jewelrypos.swarnakhatabook.InvoiceCreationFragment.InvoiceStep origin=null
        WHEN type=@[EnhancedNullability] android.widget.Button origin=WHEN
          BRANCH
            if: CALL 'public final fun EQEQ (arg0: kotlin.Any?, arg1: kotlin.Any?): kotlin.Boolean declared in kotlin.internal.ir' type=kotlin.Boolean origin=null
              arg0: GET_VAR 'val tmp0: kotlin.Int [val] declared in com.jewelrypos.swarnakhatabook.InvoiceCreationFragment.highlightCurrentStep' type=kotlin.Int origin=null
              arg1: CONST Int type=kotlin.Int value=1
            then: BLOCK type=@[EnhancedNullability] android.widget.Button origin=null
              CALL 'public final fun apply <T> (block: @[ExtensionFunctionType] kotlin.Function1<T of kotlin.StandardKt.apply, kotlin.Unit>): T of kotlin.StandardKt.apply [inline] declared in kotlin.StandardKt' type=@[EnhancedNullability] android.widget.Button origin=null
                <T>: @[EnhancedNullability] android.widget.Button
                $receiver: GET_FIELD 'FIELD IR_EXTERNAL_JAVA_DECLARATION_STUB name:selectCustomerButton type:@[EnhancedNullability] android.widget.Button visibility:public [final] declared in com.jewelrypos.swarnakhatabook.databinding.FragmentInvoiceCreationBinding' type=@[EnhancedNullability] android.widget.Button superQualifierSymbol=com.jewelrypos.swarnakhatabook.databinding.FragmentInvoiceCreationBinding origin=null
                  receiver: CALL 'private final fun <get-binding> (): com.jewelrypos.swarnakhatabook.databinding.FragmentInvoiceCreationBinding declared in com.jewelrypos.swarnakhatabook.InvoiceCreationFragment' type=com.jewelrypos.swarnakhatabook.databinding.FragmentInvoiceCreationBinding origin=GET_PROPERTY
                    $this: GET_VAR '<this>: com.jewelrypos.swarnakhatabook.InvoiceCreationFragment declared in com.jewelrypos.swarnakhatabook.InvoiceCreationFragment.highlightCurrentStep' type=com.jewelrypos.swarnakhatabook.InvoiceCreationFragment origin=null
                block: BLOCK type=@[ExtensionFunctionType] kotlin.Function1<@[EnhancedNullability] android.widget.Button, kotlin.Unit> origin=LAMBDA
                  COMPOSITE type=kotlin.Unit origin=null
                  FUNCTION_REFERENCE 'private final fun highlightCurrentStep$lambda$30 (this$0: com.jewelrypos.swarnakhatabook.InvoiceCreationFragment): kotlin.Unit declared in com.jewelrypos.swarnakhatabook.InvoiceCreationFragment' type=@[ExtensionFunctionType] kotlin.Function1<@[EnhancedNullability] android.widget.Button, kotlin.Unit> origin=INLINE_LAMBDA reflectionTarget=null
                    this$0: GET_VAR '<this>: com.jewelrypos.swarnakhatabook.InvoiceCreationFragment declared in com.jewelrypos.swarnakhatabook.InvoiceCreationFragment.highlightCurrentStep' type=com.jewelrypos.swarnakhatabook.InvoiceCreationFragment origin=null
          BRANCH
            if: CALL 'public final fun EQEQ (arg0: kotlin.Any?, arg1: kotlin.Any?): kotlin.Boolean declared in kotlin.internal.ir' type=kotlin.Boolean origin=null
              arg0: GET_VAR 'val tmp0: kotlin.Int [val] declared in com.jewelrypos.swarnakhatabook.InvoiceCreationFragment.highlightCurrentStep' type=kotlin.Int origin=null
              arg1: CONST Int type=kotlin.Int value=2
            then: BLOCK type=@[EnhancedNullability] android.widget.Button origin=null
              CALL 'public final fun apply <T> (block: @[ExtensionFunctionType] kotlin.Function1<T of kotlin.StandardKt.apply, kotlin.Unit>): T of kotlin.StandardKt.apply [inline] declared in kotlin.StandardKt' type=@[EnhancedNullability] android.widget.Button origin=null
                <T>: @[EnhancedNullability] android.widget.Button
                $receiver: GET_FIELD 'FIELD IR_EXTERNAL_JAVA_DECLARATION_STUB name:addItemButton type:@[EnhancedNullability] android.widget.Button visibility:public [final] declared in com.jewelrypos.swarnakhatabook.databinding.FragmentInvoiceCreationBinding' type=@[EnhancedNullability] android.widget.Button superQualifierSymbol=com.jewelrypos.swarnakhatabook.databinding.FragmentInvoiceCreationBinding origin=null
                  receiver: CALL 'private final fun <get-binding> (): com.jewelrypos.swarnakhatabook.databinding.FragmentInvoiceCreationBinding declared in com.jewelrypos.swarnakhatabook.InvoiceCreationFragment' type=com.jewelrypos.swarnakhatabook.databinding.FragmentInvoiceCreationBinding origin=GET_PROPERTY
                    $this: GET_VAR '<this>: com.jewelrypos.swarnakhatabook.InvoiceCreationFragment declared in com.jewelrypos.swarnakhatabook.InvoiceCreationFragment.highlightCurrentStep' type=com.jewelrypos.swarnakhatabook.InvoiceCreationFragment origin=null
                block: BLOCK type=@[ExtensionFunctionType] kotlin.Function1<@[EnhancedNullability] android.widget.Button, kotlin.Unit> origin=LAMBDA
                  COMPOSITE type=kotlin.Unit origin=null
                  FUNCTION_REFERENCE 'private final fun highlightCurrentStep$lambda$31 (this$0: com.jewelrypos.swarnakhatabook.InvoiceCreationFragment): kotlin.Unit declared in com.jewelrypos.swarnakhatabook.InvoiceCreationFragment' type=@[ExtensionFunctionType] kotlin.Function1<@[EnhancedNullability] android.widget.Button, kotlin.Unit> origin=INLINE_LAMBDA reflectionTarget=null
                    this$0: GET_VAR '<this>: com.jewelrypos.swarnakhatabook.InvoiceCreationFragment declared in com.jewelrypos.swarnakhatabook.InvoiceCreationFragment.highlightCurrentStep' type=com.jewelrypos.swarnakhatabook.InvoiceCreationFragment origin=null
          BRANCH
            if: CALL 'public final fun EQEQ (arg0: kotlin.Any?, arg1: kotlin.Any?): kotlin.Boolean declared in kotlin.internal.ir' type=kotlin.Boolean origin=null
              arg0: GET_VAR 'val tmp0: kotlin.Int [val] declared in com.jewelrypos.swarnakhatabook.InvoiceCreationFragment.highlightCurrentStep' type=kotlin.Int origin=null
              arg1: CONST Int type=kotlin.Int value=3
            then: BLOCK type=@[EnhancedNullability] android.widget.Button origin=null
              CALL 'public final fun apply <T> (block: @[ExtensionFunctionType] kotlin.Function1<T of kotlin.StandardKt.apply, kotlin.Unit>): T of kotlin.StandardKt.apply [inline] declared in kotlin.StandardKt' type=@[EnhancedNullability] android.widget.Button origin=null
                <T>: @[EnhancedNullability] android.widget.Button
                $receiver: GET_FIELD 'FIELD IR_EXTERNAL_JAVA_DECLARATION_STUB name:addPaymentButton type:@[EnhancedNullability] android.widget.Button visibility:public [final] declared in com.jewelrypos.swarnakhatabook.databinding.FragmentInvoiceCreationBinding' type=@[EnhancedNullability] android.widget.Button superQualifierSymbol=com.jewelrypos.swarnakhatabook.databinding.FragmentInvoiceCreationBinding origin=null
                  receiver: CALL 'private final fun <get-binding> (): com.jewelrypos.swarnakhatabook.databinding.FragmentInvoiceCreationBinding declared in com.jewelrypos.swarnakhatabook.InvoiceCreationFragment' type=com.jewelrypos.swarnakhatabook.databinding.FragmentInvoiceCreationBinding origin=GET_PROPERTY
                    $this: GET_VAR '<this>: com.jewelrypos.swarnakhatabook.InvoiceCreationFragment declared in com.jewelrypos.swarnakhatabook.InvoiceCreationFragment.highlightCurrentStep' type=com.jewelrypos.swarnakhatabook.InvoiceCreationFragment origin=null
                block: BLOCK type=@[ExtensionFunctionType] kotlin.Function1<@[EnhancedNullability] android.widget.Button, kotlin.Unit> origin=LAMBDA
                  COMPOSITE type=kotlin.Unit origin=null
                  FUNCTION_REFERENCE 'private final fun highlightCurrentStep$lambda$32 (this$0: com.jewelrypos.swarnakhatabook.InvoiceCreationFragment): kotlin.Unit declared in com.jewelrypos.swarnakhatabook.InvoiceCreationFragment' type=@[ExtensionFunctionType] kotlin.Function1<@[EnhancedNullability] android.widget.Button, kotlin.Unit> origin=INLINE_LAMBDA reflectionTarget=null
                    this$0: GET_VAR '<this>: com.jewelrypos.swarnakhatabook.InvoiceCreationFragment declared in com.jewelrypos.swarnakhatabook.InvoiceCreationFragment.highlightCurrentStep' type=com.jewelrypos.swarnakhatabook.InvoiceCreationFragment origin=null
          BRANCH
            if: CONST Boolean type=kotlin.Boolean value=true
            then: BLOCK type=kotlin.Nothing origin=null
              CALL 'public final fun noWhenBranchMatchedException (): kotlin.Nothing declared in kotlin.internal.ir' type=kotlin.Nothing origin=null
              CALL 'public final fun throwKotlinNothingValueException (): kotlin.Nothing declared in kotlin.jvm.internal.Intrinsics' type=kotlin.Nothing origin=null
      COMPOSITE type=kotlin.Unit origin=null

	at org.jetbrains.kotlin.backend.jvm.codegen.FunctionCodegen.generate(FunctionCodegen.kt:48)
	at org.jetbrains.kotlin.backend.jvm.codegen.FunctionCodegen.generate$default(FunctionCodegen.kt:41)
	at org.jetbrains.kotlin.backend.jvm.codegen.ClassCodegen.generateMethodNode(ClassCodegen.kt:407)
	at org.jetbrains.kotlin.backend.jvm.codegen.ClassCodegen.generateMethod(ClassCodegen.kt:424)
	at org.jetbrains.kotlin.backend.jvm.codegen.ClassCodegen.generate(ClassCodegen.kt:169)
	at org.jetbrains.kotlin.backend.jvm.FileCodegen.lower(JvmPhases.kt:39)
	at org.jetbrains.kotlin.backend.common.phaser.PhaseFactoriesKt.createFilePhase$lambda$4(PhaseFactories.kt:71)
	at org.jetbrains.kotlin.backend.common.phaser.PhaseBuildersKt$createSimpleNamedCompilerPhase$1.phaseBody(PhaseBuilders.kt:69)
	at org.jetbrains.kotlin.backend.common.phaser.SimpleNamedCompilerPhase.phaseBody(CompilerPhase.kt:226)
	at org.jetbrains.kotlin.backend.common.phaser.AbstractNamedCompilerPhase.invoke(CompilerPhase.kt:113)
	at org.jetbrains.kotlin.backend.common.phaser.PerformByIrFilePhase.invokeSequential(performByIrFile.kt:52)
	... 48 more
Caused by: java.lang.RuntimeException: Exception while generating code for:
FUN INLINE_LAMBDA name:highlightCurrentStep$lambda$27 visibility:private modality:FINAL <> ($receiver:@[EnhancedNullability] android.widget.Button, this$0:com.jewelrypos.swarnakhatabook.InvoiceCreationFragment) returnType:kotlin.Unit
  $receiver: VALUE_PARAMETER name:$this$apply type:@[EnhancedNullability] android.widget.Button
  VALUE_PARAMETER BOUND_VALUE_PARAMETER name:this$0 index:0 type:com.jewelrypos.swarnakhatabook.InvoiceCreationFragment
  BLOCK_BODY
    VAR name:$i$a$-apply-InvoiceCreationFragment$highlightCurrentStep$1 type:kotlin.Int [val]
      CONST Int type=kotlin.Int value=0
    CALL 'public open fun setBackgroundColor (p0: kotlin.Int): kotlin.Unit [fake_override] declared in android.widget.Button' type=kotlin.Unit origin=null
      $this: GET_VAR '$this$apply: @[EnhancedNullability] android.widget.Button declared in com.jewelrypos.swarnakhatabook.InvoiceCreationFragment.highlightCurrentStep$lambda$27' type=@[EnhancedNullability] android.widget.Button origin=null
      p0: CALL 'public open fun getColor (p0: @[EnhancedNullability] android.content.Context, p1: kotlin.Int): kotlin.Int declared in androidx.core.content.ContextCompat' type=kotlin.Int origin=null
        p0: CALL 'public final fun requireContext (): @[EnhancedNullability] android.content.Context [fake_override] declared in com.jewelrypos.swarnakhatabook.InvoiceCreationFragment' type=@[EnhancedNullability] android.content.Context origin=null
          $this: GET_VAR 'this$0: com.jewelrypos.swarnakhatabook.InvoiceCreationFragment declared in com.jewelrypos.swarnakhatabook.InvoiceCreationFragment.highlightCurrentStep$lambda$27' type=com.jewelrypos.swarnakhatabook.InvoiceCreationFragment origin=null
        p1: GET_FIELD 'FIELD IR_EXTERNAL_JAVA_DECLARATION_STUB name:my_light_surface type:kotlin.Int visibility:public [static] declared in com.jewelrypos.swarnakhatabook.R.color' type=kotlin.Int superQualifierSymbol=com.jewelrypos.swarnakhatabook.R.color origin=null
    CALL 'public open fun setTextColor (p0: kotlin.Int): kotlin.Unit [fake_override] declared in android.widget.Button' type=kotlin.Unit origin=null
      $this: GET_VAR '$this$apply: @[EnhancedNullability] android.widget.Button declared in com.jewelrypos.swarnakhatabook.InvoiceCreationFragment.highlightCurrentStep$lambda$27' type=@[EnhancedNullability] android.widget.Button origin=null
      p0: CALL 'public open fun getColor (p0: @[EnhancedNullability] android.content.Context, p1: kotlin.Int): kotlin.Int declared in androidx.core.content.ContextCompat' type=kotlin.Int origin=null
        p0: CALL 'public final fun requireContext (): @[EnhancedNullability] android.content.Context [fake_override] declared in com.jewelrypos.swarnakhatabook.InvoiceCreationFragment' type=@[EnhancedNullability] android.content.Context origin=null
          $this: GET_VAR 'this$0: com.jewelrypos.swarnakhatabook.InvoiceCreationFragment declared in com.jewelrypos.swarnakhatabook.InvoiceCreationFragment.highlightCurrentStep$lambda$27' type=com.jewelrypos.swarnakhatabook.InvoiceCreationFragment origin=null
        p1: GET_FIELD 'FIELD IR_EXTERNAL_JAVA_DECLARATION_STUB name:my_light_primary type:kotlin.Int visibility:public [static] declared in com.jewelrypos.swarnakhatabook.R.color' type=kotlin.Int superQualifierSymbol=com.jewelrypos.swarnakhatabook.R.color origin=null
    SET_FIELD 'FIELD IR_EXTERNAL_JAVA_DECLARATION_STUB name:strokeColor type:kotlin.Int visibility:public [final,static] declared in android.R.attr' type=kotlin.Unit superQualifierSymbol=android.R.attr origin=EQ
      value: GET_FIELD 'FIELD IR_EXTERNAL_JAVA_DECLARATION_STUB name:my_light_primary type:kotlin.Int visibility:public [static] declared in com.jewelrypos.swarnakhatabook.R.color' type=kotlin.Int superQualifierSymbol=com.jewelrypos.swarnakhatabook.R.color origin=null

	at org.jetbrains.kotlin.backend.jvm.codegen.FunctionCodegen.generate(FunctionCodegen.kt:48)
	at org.jetbrains.kotlin.backend.jvm.codegen.IrSourceCompilerForInline.generateLambdaBody(IrSourceCompilerForInline.kt:67)
	at org.jetbrains.kotlin.codegen.inline.ExpressionLambda.generateLambdaBody(LambdaInfo.kt:72)
	at org.jetbrains.kotlin.backend.jvm.codegen.IrInlineCodegen.genValueAndPut(IrInlineCodegen.kt:100)
	at org.jetbrains.kotlin.backend.jvm.codegen.ExpressionCodegen.visitCall$handleParameter(ExpressionCodegen.kt:561)
	at org.jetbrains.kotlin.backend.jvm.codegen.ExpressionCodegen.visitCall(ExpressionCodegen.kt:589)
	at org.jetbrains.kotlin.backend.jvm.codegen.ExpressionCodegen.visitCall(ExpressionCodegen.kt:134)
	at org.jetbrains.kotlin.ir.expressions.IrCall.accept(IrCall.kt:24)
	at org.jetbrains.kotlin.backend.jvm.codegen.ExpressionCodegen.visitStatementContainer(ExpressionCodegen.kt:524)
	at org.jetbrains.kotlin.backend.jvm.codegen.ExpressionCodegen.visitContainerExpression(ExpressionCodegen.kt:538)
	at org.jetbrains.kotlin.backend.jvm.codegen.ExpressionCodegen.visitContainerExpression(ExpressionCodegen.kt:134)
	at org.jetbrains.kotlin.ir.visitors.IrElementVisitor$DefaultImpls.visitComposite(IrElementVisitor.kt:129)
	at org.jetbrains.kotlin.backend.jvm.codegen.ExpressionCodegen.visitComposite(ExpressionCodegen.kt:134)
	at org.jetbrains.kotlin.backend.jvm.codegen.ExpressionCodegen.visitComposite(ExpressionCodegen.kt:134)
	at org.jetbrains.kotlin.ir.expressions.IrComposite.accept(IrComposite.kt:18)
	at org.jetbrains.kotlin.backend.jvm.codegen.ExpressionCodegen.visitStatementContainer(ExpressionCodegen.kt:524)
	at org.jetbrains.kotlin.backend.jvm.codegen.ExpressionCodegen.visitBlockBody(ExpressionCodegen.kt:529)
	at org.jetbrains.kotlin.backend.jvm.codegen.ExpressionCodegen.visitBlockBody(ExpressionCodegen.kt:134)
	at org.jetbrains.kotlin.ir.expressions.IrBlockBody.accept(IrBlockBody.kt:20)
	at org.jetbrains.kotlin.backend.jvm.codegen.ExpressionCodegen.generate(ExpressionCodegen.kt:236)
	at org.jetbrains.kotlin.backend.jvm.codegen.FunctionCodegen.doGenerate(FunctionCodegen.kt:124)
	at org.jetbrains.kotlin.backend.jvm.codegen.FunctionCodegen.generate(FunctionCodegen.kt:45)
	... 58 more
Caused by: java.lang.AssertionError: access of const val: SET_FIELD 'FIELD IR_EXTERNAL_JAVA_DECLARATION_STUB name:strokeColor type:kotlin.Int visibility:public [final,static] declared in android.R.attr' type=kotlin.Unit superQualifierSymbol=android.R.attr origin=EQ
  value: GET_FIELD 'FIELD IR_EXTERNAL_JAVA_DECLARATION_STUB name:my_light_primary type:kotlin.Int visibility:public [static] declared in com.jewelrypos.swarnakhatabook.R.color' type=kotlin.Int superQualifierSymbol=com.jewelrypos.swarnakhatabook.R.color origin=null

	at org.jetbrains.kotlin.backend.jvm.codegen.ExpressionCodegen.visitFieldAccess(ExpressionCodegen.kt:813)
	at org.jetbrains.kotlin.backend.jvm.codegen.ExpressionCodegen.visitFieldAccess(ExpressionCodegen.kt:134)
	at org.jetbrains.kotlin.ir.visitors.IrElementVisitor$DefaultImpls.visitSetField(IrElementVisitor.kt:210)
	at org.jetbrains.kotlin.backend.jvm.codegen.ExpressionCodegen.visitSetField(ExpressionCodegen.kt:860)
	at org.jetbrains.kotlin.backend.jvm.codegen.ExpressionCodegen.visitSetField(ExpressionCodegen.kt:134)
	at org.jetbrains.kotlin.ir.expressions.IrSetField.accept(IrSetField.kt:21)
	at org.jetbrains.kotlin.backend.jvm.codegen.ExpressionCodegen.visitStatementContainer(ExpressionCodegen.kt:524)
	at org.jetbrains.kotlin.backend.jvm.codegen.ExpressionCodegen.visitBlockBody(ExpressionCodegen.kt:529)
	at org.jetbrains.kotlin.backend.jvm.codegen.ExpressionCodegen.visitBlockBody(ExpressionCodegen.kt:134)
	at org.jetbrains.kotlin.ir.expressions.IrBlockBody.accept(IrBlockBody.kt:20)
	at org.jetbrains.kotlin.backend.jvm.codegen.ExpressionCodegen.generate(ExpressionCodegen.kt:236)
	at org.jetbrains.kotlin.backend.jvm.codegen.FunctionCodegen.doGenerate(FunctionCodegen.kt:124)
	at org.jetbrains.kotlin.backend.jvm.codegen.FunctionCodegen.generate(FunctionCodegen.kt:45)
	... 79 more


